This is pdfTeX, Version 3.14159265-2.6-1.40.16 (TeX Live 2015/Debian) (preloaded format=pdflatex 2016.11.11)  6 JAN 2017 15:46
entering extended mode
 restricted \write18 enabled.
 %&-line parsing enabled.
**report.tex
(./report.tex
LaTeX2e <2016/02/01>
Babel <3.9q> and hyphenation patterns for 81 language(s) loaded.
(/usr/share/texlive/texmf-dist/tex/latex/base/article.cls
Document Class: article 2014/09/29 v1.4h Standard LaTeX document class
(/usr/share/texlive/texmf-dist/tex/latex/base/size10.clo
File: size10.clo 2014/09/29 v1.4h Standard LaTeX file (size option)
)
\c@part=\count79
\c@section=\count80
\c@subsection=\count81
\c@subsubsection=\count82
\c@paragraph=\count83
\c@subparagraph=\count84
\c@figure=\count85
\c@table=\count86
\abovecaptionskip=\skip41
\belowcaptionskip=\skip42
\bibindent=\dimen102
)
(/usr/share/texlive/texmf-dist/tex/latex/graphics/graphicx.sty
Package: graphicx 2014/10/28 v1.0g Enhanced LaTeX Graphics (DPC,SPQR)

(/usr/share/texlive/texmf-dist/tex/latex/graphics/keyval.sty
Package: keyval 2014/10/28 v1.15 key=value parser (DPC)
\KV@toks@=\toks14
)
(/usr/share/texlive/texmf-dist/tex/latex/graphics/graphics.sty
Package: graphics 2016/01/03 v1.0q Standard LaTeX Graphics (DPC,SPQR)

(/usr/share/texlive/texmf-dist/tex/latex/graphics/trig.sty
Package: trig 2016/01/03 v1.10 sin cos tan (DPC)
)
(/usr/share/texlive/texmf-dist/tex/latex/latexconfig/graphics.cfg
File: graphics.cfg 2010/04/23 v1.9 graphics configuration of TeX Live
)
Package graphics Info: Driver file: pdftex.def on input line 95.

(/usr/share/texlive/texmf-dist/tex/latex/pdftex-def/pdftex.def
File: pdftex.def 2011/05/27 v0.06d Graphics/color for pdfTeX

(/usr/share/texlive/texmf-dist/tex/generic/oberdiek/infwarerr.sty
Package: infwarerr 2010/04/08 v1.3 Providing info/warning/error messages (HO)
)
(/usr/share/texlive/texmf-dist/tex/generic/oberdiek/ltxcmds.sty
Package: ltxcmds 2011/11/09 v1.22 LaTeX kernel commands for general use (HO)
)
\Gread@gobject=\count87
))
\Gin@req@height=\dimen103
\Gin@req@width=\dimen104
)
(/usr/share/texlive/texmf-dist/tex/latex/caption/subcaption.sty
Package: subcaption 2016/02/20 v1.1-142 Sub-captions (AR)

(/usr/share/texlive/texmf-dist/tex/latex/caption/caption.sty
Package: caption 2016/02/21 v3.3-144 Customizing captions (AR)

(/usr/share/texlive/texmf-dist/tex/latex/caption/caption3.sty
Package: caption3 2016/02/04 v1.7-139 caption3 kernel (AR)
Package caption3 Info: TeX engine: e-TeX on input line 67.
\captionmargin=\dimen105
\captionmargin@=\dimen106
\captionwidth=\dimen107
\caption@tempdima=\dimen108
\caption@indent=\dimen109
\caption@parindent=\dimen110
\caption@hangindent=\dimen111
)
\c@ContinuedFloat=\count88
)
\c@subfigure=\count89
\c@subtable=\count90
)
(/usr/share/texlive/texmf-dist/tex/latex/float/float.sty
Package: float 2001/11/08 v1.3d Float enhancements (AL)
\c@float@type=\count91
\float@exts=\toks15
\float@box=\box26
\@float@everytoks=\toks16
\@floatcapt=\box27
)
(/usr/share/texlive/texmf-dist/tex/latex/hyperref/hyperref.sty
Package: hyperref 2012/11/06 v6.83m Hypertext links for LaTeX

(/usr/share/texlive/texmf-dist/tex/generic/oberdiek/hobsub-hyperref.sty
Package: hobsub-hyperref 2012/05/28 v1.13 Bundle oberdiek, subset hyperref (HO)


(/usr/share/texlive/texmf-dist/tex/generic/oberdiek/hobsub-generic.sty
Package: hobsub-generic 2012/05/28 v1.13 Bundle oberdiek, subset generic (HO)
Package: hobsub 2012/05/28 v1.13 Construct package bundles (HO)
Package hobsub Info: Skipping package `infwarerr' (already loaded).
Package hobsub Info: Skipping package `ltxcmds' (already loaded).
Package: ifluatex 2010/03/01 v1.3 Provides the ifluatex switch (HO)
Package ifluatex Info: LuaTeX not detected.
Package: ifvtex 2010/03/01 v1.5 Detect VTeX and its facilities (HO)
Package ifvtex Info: VTeX not detected.
Package: intcalc 2007/09/27 v1.1 Expandable calculations with integers (HO)
Package: ifpdf 2011/01/30 v2.3 Provides the ifpdf switch (HO)
Package ifpdf Info: pdfTeX in PDF mode is detected.
Package: etexcmds 2011/02/16 v1.5 Avoid name clashes with e-TeX commands (HO)
Package etexcmds Info: Could not find \expanded.
(etexcmds)             That can mean that you are not using pdfTeX 1.50 or
(etexcmds)             that some package has redefined \expanded.
(etexcmds)             In the latter case, load this package earlier.
Package: kvsetkeys 2012/04/25 v1.16 Key value parser (HO)
Package: kvdefinekeys 2011/04/07 v1.3 Define keys (HO)
Package: pdftexcmds 2011/11/29 v0.20 Utility functions of pdfTeX for LuaTeX (HO
)
Package pdftexcmds Info: LuaTeX not detected.
Package pdftexcmds Info: \pdf@primitive is available.
Package pdftexcmds Info: \pdf@ifprimitive is available.
Package pdftexcmds Info: \pdfdraftmode found.
Package: pdfescape 2011/11/25 v1.13 Implements pdfTeX's escape features (HO)
Package: bigintcalc 2012/04/08 v1.3 Expandable calculations on big integers (HO
)
Package: bitset 2011/01/30 v1.1 Handle bit-vector datatype (HO)
Package: uniquecounter 2011/01/30 v1.2 Provide unlimited unique counter (HO)
)
Package hobsub Info: Skipping package `hobsub' (already loaded).
Package: letltxmacro 2010/09/02 v1.4 Let assignment for LaTeX macros (HO)
Package: hopatch 2012/05/28 v1.2 Wrapper for package hooks (HO)
Package: xcolor-patch 2011/01/30 xcolor patch
Package: atveryend 2011/06/30 v1.8 Hooks at the very end of document (HO)
Package atveryend Info: \enddocument detected (standard20110627).
Package: atbegshi 2011/10/05 v1.16 At begin shipout hook (HO)
Package: refcount 2011/10/16 v3.4 Data extraction from label references (HO)
Package: hycolor 2011/01/30 v1.7 Color options for hyperref/bookmark (HO)
)
(/usr/share/texlive/texmf-dist/tex/generic/ifxetex/ifxetex.sty
Package: ifxetex 2010/09/12 v0.6 Provides ifxetex conditional
)
(/usr/share/texlive/texmf-dist/tex/latex/oberdiek/auxhook.sty
Package: auxhook 2011/03/04 v1.3 Hooks for auxiliary files (HO)
)
(/usr/share/texlive/texmf-dist/tex/latex/oberdiek/kvoptions.sty
Package: kvoptions 2011/06/30 v3.11 Key value format for package options (HO)
)
\@linkdim=\dimen112
\Hy@linkcounter=\count92
\Hy@pagecounter=\count93

(/usr/share/texlive/texmf-dist/tex/latex/hyperref/pd1enc.def
File: pd1enc.def 2012/11/06 v6.83m Hyperref: PDFDocEncoding definition (HO)
)
\Hy@SavedSpaceFactor=\count94

(/usr/share/texlive/texmf-dist/tex/latex/latexconfig/hyperref.cfg
File: hyperref.cfg 2002/06/06 v1.2 hyperref configuration of TeXLive
)
Package hyperref Info: Hyper figures OFF on input line 4443.
Package hyperref Info: Link nesting OFF on input line 4448.
Package hyperref Info: Hyper index ON on input line 4451.
Package hyperref Info: Plain pages OFF on input line 4458.
Package hyperref Info: Backreferencing OFF on input line 4463.
Package hyperref Info: Implicit mode ON; LaTeX internals redefined.
Package hyperref Info: Bookmarks ON on input line 4688.
\c@Hy@tempcnt=\count95

(/usr/share/texlive/texmf-dist/tex/latex/url/url.sty
\Urlmuskip=\muskip10
Package: url 2013/09/16  ver 3.4  Verb mode for urls, etc.
)
LaTeX Info: Redefining \url on input line 5041.
\XeTeXLinkMargin=\dimen113
\Fld@menulength=\count96
\Field@Width=\dimen114
\Fld@charsize=\dimen115
Package hyperref Info: Hyper figures OFF on input line 6295.
Package hyperref Info: Link nesting OFF on input line 6300.
Package hyperref Info: Hyper index ON on input line 6303.
Package hyperref Info: backreferencing OFF on input line 6310.
Package hyperref Info: Link coloring OFF on input line 6315.
Package hyperref Info: Link coloring with OCG OFF on input line 6320.
Package hyperref Info: PDF/A mode OFF on input line 6325.
LaTeX Info: Redefining \ref on input line 6365.
LaTeX Info: Redefining \pageref on input line 6369.
\Hy@abspage=\count97
\c@Item=\count98
\c@Hfootnote=\count99
)

Package hyperref Message: Driver (autodetected): hpdftex.

(/usr/share/texlive/texmf-dist/tex/latex/hyperref/hpdftex.def
File: hpdftex.def 2012/11/06 v6.83m Hyperref driver for pdfTeX
\Fld@listcount=\count100
\c@bookmark@seq@number=\count101

(/usr/share/texlive/texmf-dist/tex/latex/oberdiek/rerunfilecheck.sty
Package: rerunfilecheck 2011/04/15 v1.7 Rerun checks for auxiliary files (HO)
Package uniquecounter Info: New unique counter `rerunfilecheck' on input line 2
82.
)
\Hy@SectionHShift=\skip43
)
(/usr/share/texlive/texmf-dist/tex/latex/geometry/geometry.sty
Package: geometry 2010/09/12 v5.6 Page Geometry
\Gm@cnth=\count102
\Gm@cntv=\count103
\c@Gm@tempcnt=\count104
\Gm@bindingoffset=\dimen116
\Gm@wd@mp=\dimen117
\Gm@odd@mp=\dimen118
\Gm@even@mp=\dimen119
\Gm@layoutwidth=\dimen120
\Gm@layoutheight=\dimen121
\Gm@layouthoffset=\dimen122
\Gm@layoutvoffset=\dimen123
\Gm@dimlist=\toks17
)
(/usr/share/texlive/texmf-dist/tex/latex/multirow/multirow.sty
\bigstrutjot=\dimen124
) (./report.aux

LaTeX Warning: Label `fig:trello' multiply defined.

)
\openout1 = `report.aux'.

LaTeX Font Info:    Checking defaults for OML/cmm/m/it on input line 43.
LaTeX Font Info:    ... okay on input line 43.
LaTeX Font Info:    Checking defaults for T1/cmr/m/n on input line 43.
LaTeX Font Info:    ... okay on input line 43.
LaTeX Font Info:    Checking defaults for OT1/cmr/m/n on input line 43.
LaTeX Font Info:    ... okay on input line 43.
LaTeX Font Info:    Checking defaults for OMS/cmsy/m/n on input line 43.
LaTeX Font Info:    ... okay on input line 43.
LaTeX Font Info:    Checking defaults for OMX/cmex/m/n on input line 43.
LaTeX Font Info:    ... okay on input line 43.
LaTeX Font Info:    Checking defaults for U/cmr/m/n on input line 43.
LaTeX Font Info:    ... okay on input line 43.
LaTeX Font Info:    Checking defaults for PD1/pdf/m/n on input line 43.
LaTeX Font Info:    ... okay on input line 43.
 (/usr/share/texlive/texmf-dist/tex/context/base/supp-pdf.mkii
[Loading MPS to PDF converter (version 2006.09.02).]
\scratchcounter=\count105
\scratchdimen=\dimen125
\scratchbox=\box28
\nofMPsegments=\count106
\nofMParguments=\count107
\everyMPshowfont=\toks18
\MPscratchCnt=\count108
\MPscratchDim=\dimen126
\MPnumerator=\count109
\makeMPintoPDFobject=\count110
\everyMPtoPDFconversion=\toks19
) (/usr/share/texlive/texmf-dist/tex/latex/oberdiek/epstopdf-base.sty
Package: epstopdf-base 2010/02/09 v2.5 Base part for package epstopdf

(/usr/share/texlive/texmf-dist/tex/latex/oberdiek/grfext.sty
Package: grfext 2010/08/19 v1.1 Manage graphics extensions (HO)
)
Package grfext Info: Graphics extension search list:
(grfext)             [.png,.pdf,.jpg,.mps,.jpeg,.jbig2,.jb2,.PNG,.PDF,.JPG,.JPE
G,.JBIG2,.JB2,.eps]
(grfext)             \AppendGraphicsExtensions on input line 452.

(/usr/share/texlive/texmf-dist/tex/latex/latexconfig/epstopdf-sys.cfg
File: epstopdf-sys.cfg 2010/07/13 v1.3 Configuration of (r)epstopdf for TeX Liv
e
))
Package caption Info: Begin \AtBeginDocument code.
Package caption Info: float package is loaded.
Package caption Info: hyperref package is loaded.
Package caption Info: End \AtBeginDocument code.
\AtBeginShipoutBox=\box29
Package hyperref Info: Link coloring OFF on input line 43.

(/usr/share/texlive/texmf-dist/tex/latex/hyperref/nameref.sty
Package: nameref 2012/10/27 v2.43 Cross-referencing by name of section

(/usr/share/texlive/texmf-dist/tex/generic/oberdiek/gettitlestring.sty
Package: gettitlestring 2010/12/03 v1.4 Cleanup title references (HO)
)
\c@section@level=\count111
)
LaTeX Info: Redefining \ref on input line 43.
LaTeX Info: Redefining \pageref on input line 43.
LaTeX Info: Redefining \nameref on input line 43.

(./report.out) (./report.out)
\@outlinefile=\write3
\openout3 = `report.out'.


*geometry* driver: auto-detecting
*geometry* detected driver: pdftex
*geometry* verbose mode - [ preamble ] result:
* driver: pdftex
* paper: <default>
* layout: <same size as paper>
* layoutoffset:(h,v)=(0.0pt,0.0pt)
* modes: 
* h-part:(L,W,R)=(72.26999pt, 469.75502pt, 72.26999pt)
* v-part:(T,H,B)=(72.26999pt, 650.43001pt, 72.26999pt)
* \paperwidth=614.295pt
* \paperheight=794.96999pt
* \textwidth=469.75502pt
* \textheight=650.43001pt
* \oddsidemargin=0.0pt
* \evensidemargin=0.0pt
* \topmargin=-37.0pt
* \headheight=12.0pt
* \headsep=25.0pt
* \topskip=10.0pt
* \footskip=30.0pt
* \marginparwidth=65.0pt
* \marginparsep=11.0pt
* \columnsep=10.0pt
* \skip\footins=9.0pt plus 4.0pt minus 2.0pt
* \hoffset=0.0pt
* \voffset=0.0pt
* \mag=1000
* \@twocolumnfalse
* \@twosidefalse
* \@mparswitchfalse
* \@reversemarginfalse
* (1in=72.27pt=25.4mm, 1cm=28.453pt)

[1

{/var/lib/texmf/fonts/map/pdftex/updmap/pdftex.map}] (./report.toc
LaTeX Font Info:    External font `cmex10' loaded for size
(Font)              <7> on input line 2.
LaTeX Font Info:    External font `cmex10' loaded for size
(Font)              <5> on input line 2.
pdfTeX warning (ext4): destination with the same identifier (name{page.1}) has 
been already used, duplicate ignored
<to be read again> 
                   \relax 
l.51 ...umberline {6.1}Design}{19}{subsection.6.1}
                                                   [1])
\tf@toc=\write4
\openout4 = `report.toc'.

 [2]
LaTeX Font Info:    Try loading font information for OMS+cmr on input line 58.

(/usr/share/texlive/texmf-dist/tex/latex/base/omscmr.fd
File: omscmr.fd 2014/09/29 v2.5h Standard LaTeX font definitions
)
LaTeX Font Info:    Font shape `OMS/cmr/m/n' in size <10> not available
(Font)              Font shape `OMS/cmsy/m/n' tried instead on input line 58.

Underfull \hbox (badness 10000) in paragraph at lines 74--78

 []

[3] <images/pointifysetup.jpg, id=356, 1138.2525pt x 853.1875pt>
File: images/pointifysetup.jpg Graphic file (type jpg)

<use images/pointifysetup.jpg>
Package pdftex.def Info: images/pointifysetup.jpg used on input line 86.
(pdftex.def)             Requested size: 199.19717pt x 149.31004pt.

<images/placeholder.png, id=357, 401.5pt x 401.5pt>
File: images/placeholder.png Graphic file (type png)

<use images/placeholder.png>
Package pdftex.def Info: images/placeholder.png used on input line 90.
(pdftex.def)             Requested size: 120.45091pt x 120.45091pt.

Underfull \hbox (badness 10000) in paragraph at lines 97--101

 []

<images/livescanclient.png, id=359, 484.30937pt x 353.32pt>
File: images/livescanclient.png Graphic file (type png)

<use images/livescanclient.png>
Package pdftex.def Info: images/livescanclient.png used on input line 108.
(pdftex.def)             Requested size: 193.7203pt x 141.32549pt.

<images/livescanserver.png, id=360, 172.645pt x 119.94812pt>
File: images/livescanserver.png Graphic file (type png)

<use images/livescanserver.png>
Package pdftex.def Info: images/livescanserver.png used on input line 112.
(pdftex.def)             Requested size: 207.17294pt x 143.93701pt.


LaTeX Warning: `h' float specifier changed to `ht'.


Underfull \hbox (badness 10000) in paragraph at lines 119--122

 []

[4 <./images/pointifysetup.jpg> <./images/placeholder.png>] [5 <./images/livesc
anclient.png> <./images/livescanserver.png>]
<images/github.png, id=374, 842.14626pt x 203.76125pt>
File: images/github.png Graphic file (type png)
 <use images/github.png>
Package pdftex.def Info: images/github.png used on input line 167.
(pdftex.def)             Requested size: 421.0721pt x 101.88037pt.

Underfull \hbox (badness 10000) in paragraph at lines 164--172

 []

[6] <images/trello.png, id=380, 839.135pt x 361.35pt>
File: images/trello.png Graphic file (type png)
 <use images/trello.png>
Package pdftex.def Info: images/trello.png used on input line 176.
(pdftex.def)             Requested size: 419.56647pt x 180.67456pt.

Underfull \hbox (badness 10000) in paragraph at lines 173--181

 []

<images/buildserver.png, id=381, 1331.97626pt x 413.545pt>
File: images/buildserver.png Graphic file (type png)

<use images/buildserver.png>
Package pdftex.def Info: images/buildserver.png used on input line 187.
(pdftex.def)             Requested size: 466.19867pt x 144.7429pt.

Underfull \hbox (badness 10000) in paragraph at lines 182--192

 []


Underfull \hbox (badness 10000) in paragraph at lines 182--192

 []

[7 <./images/github.png> <./images/trello.png>]
<images/trello2.png, id=388, 331.2375pt x 395.4775pt>
File: images/trello2.png Graphic file (type png)
 <use images/trello2.png>
Package pdftex.def Info: images/trello2.png used on input line 198.
(pdftex.def)             Requested size: 165.61833pt x 197.73827pt.

Underfull \hbox (badness 10000) in paragraph at lines 195--203

 []


LaTeX Warning: `h' float specifier changed to `ht'.

[8 <./images/buildserver.png>]
Underfull \hbox (badness 10000) in paragraph at lines 207--210

 []


Underfull \hbox (badness 10000) in paragraph at lines 211--214

 []

[9 <./images/trello2.png>] [10]
<images/distributed.png, id=403, 1126.2075pt x 562.1pt>
File: images/distributed.png Graphic file (type png)

<use images/distributed.png>
Package pdftex.def Info: images/distributed.png used on input line 226.
(pdftex.def)             Requested size: 394.17854pt x 196.73795pt.
 [11 <./images/distributed.png>]
<images/clientUML.png, id=410, 738.76pt x 738.76pt>
File: images/clientUML.png Graphic file (type png)
 <use images/clientUML.png>
Package pdftex.def Info: images/clientUML.png used on input line 234.
(pdftex.def)             Requested size: 443.25941pt x 443.25941pt.

<images/aruco.jpg, id=411, 200.75pt x 200.75pt>
File: images/aruco.jpg Graphic file (type jpg)
 <use images/aruco.jpg>
Package pdftex.def Info: images/aruco.jpg used on input line 246.
(pdftex.def)             Requested size: 120.45091pt x 120.45091pt.
 [12 <./images/clientUML.png>] [13 <./images/aruco.jpg>]
<images/serverUML.png, id=425, 378.41376pt x 572.1375pt>
File: images/serverUML.png Graphic file (type png)

<use images/serverUML.png>
Package pdftex.def Info: images/serverUML.png used on input line 264.
(pdftex.def)             Requested size: 227.05pt x 343.28514pt.
 [14 <./images/serverUML.png>]
Underfull \hbox (badness 10000) in paragraph at lines 274--287

 []

[15] <images/rgbdepth.png, id=448, 443.15562pt x 293.095pt>
File: images/rgbdepth.png Graphic file (type png)

<use images/rgbdepth.png>
Package pdftex.def Info: images/rgbdepth.png used on input line 318.
(pdftex.def)             Requested size: 177.2591pt x 117.23592pt.

<images/registeredunregisteredpointcloud.png, id=450, 1297.84875pt x 419.5675pt
>
File: images/registeredunregisteredpointcloud.png Graphic file (type png)
 <use images/registeredunregisteredpointcloud.png>
Package pdftex.def Info: images/registeredunregisteredpointcloud.png used on in
put line 326.
(pdftex.def)             Requested size: 337.43272pt x 109.08498pt.


LaTeX Warning: `h' float specifier changed to `ht'.


LaTeX Warning: `h' float specifier changed to `ht'.

<images/registeredunregisteredview.png, id=452, 538.51187pt x 187.19937pt>
File: images/registeredunregisteredview.png Graphic file (type png)

<use images/registeredunregisteredview.png>
Package pdftex.def Info: images/registeredunregisteredview.png used on input li
ne 336.
(pdftex.def)             Requested size: 376.95573pt x 131.03867pt.


LaTeX Warning: `h' float specifier changed to `ht'.

[16] [17 <./images/rgbdepth.png> <./images/registeredunregisteredpointcloud.png
>] [18 <./images/registeredunregisteredview.png>]
Underfull \hbox (badness 10000) in paragraph at lines 356--363

 []


Underfull \hbox (badness 10000) in paragraph at lines 356--363

 []


Underfull \hbox (badness 10000) in paragraph at lines 356--363

 []


Underfull \hbox (badness 10000) in paragraph at lines 364--369

 []


Underfull \hbox (badness 10000) in paragraph at lines 364--369

 []


Underfull \hbox (badness 10000) in paragraph at lines 371--382

 []


Underfull \hbox (badness 10000) in paragraph at lines 371--382

 []


Underfull \hbox (badness 10000) in paragraph at lines 371--382

 []


Underfull \hbox (badness 10000) in paragraph at lines 371--382

 []


Underfull \hbox (badness 10000) in paragraph at lines 371--382

 []

[19]
Underfull \hbox (badness 10000) in paragraph at lines 386--393

 []


Underfull \hbox (badness 10000) in paragraph at lines 386--393

 []


Underfull \hbox (badness 10000) in paragraph at lines 386--393

 []


Underfull \hbox (badness 10000) in paragraph at lines 395--398

 []

[20]
Underfull \hbox (badness 10000) in paragraph at lines 400--403

 []


Underfull \hbox (badness 10000) in paragraph at lines 407--417

 []


Underfull \hbox (badness 10000) in paragraph at lines 407--417

 []


Underfull \hbox (badness 10000) in paragraph at lines 407--417

 []


Underfull \hbox (badness 10000) in paragraph at lines 407--417

 []

[21] [22]
Underfull \hbox (badness 10000) in paragraph at lines 421--435

 []


Underfull \hbox (badness 10000) in paragraph at lines 421--435

 []


Underfull \hbox (badness 10000) in paragraph at lines 421--435

 []


Underfull \hbox (badness 10000) in paragraph at lines 421--435

 []

[23]
Package atveryend Info: Empty hook `BeforeClearDocument' on input line 451.
 [24]
Package atveryend Info: Empty hook `AfterLastShipout' on input line 451.
 (./report.aux)
Package atveryend Info: Executing hook `AtVeryEndDocument' on input line 451.
Package atveryend Info: Executing hook `AtEndAfterFileList' on input line 451.
Package rerunfilecheck Info: File `report.out' has not changed.
(rerunfilecheck)             Checksum: A71F23EB1FB3ABB0815DDCC68011ABC7;4315.


LaTeX Warning: There were multiply-defined labels.

Package atveryend Info: Empty hook `AtVeryVeryEnd' on input line 451.
 ) 
Here is how much of TeX's memory you used:
 6906 strings out of 493029
 107057 string characters out of 6136233
 203287 words of memory out of 5000000
 10279 multiletter control sequences out of 15000+600000
 6573 words of font info for 24 fonts, out of 8000000 for 9000
 1141 hyphenation exceptions out of 8191
 42i,11n,40p,1524b,386s stack positions out of 5000i,500n,10000p,200000b,80000s
pdfTeX warning (dest): name{figure.16} has been referenced but does not exist
, replaced by a fixed one

pdfTeX warning (dest): name{figure.15} has been referenced but does not exist, 
replaced by a fixed one

pdfTeX warning (dest): name{figure.14} has been referenced but does not exist, 
replaced by a fixed one

pdfTeX warning (dest): name{figure.12} has been referenced but does not exist, 
replaced by a fixed one

</usr/share/texlive/texmf-dist/fonts/type1/public/amsfonts/cm/cmbx10.pfb></usr/
share/texlive/texmf-dist/fonts/type1/public/amsfonts/cm/cmbx12.pfb></usr/share/
texlive/texmf-dist/fonts/type1/public/amsfonts/cm/cmcsc10.pfb></usr/share/texli
ve/texmf-dist/fonts/type1/public/amsfonts/cm/cmex10.pfb></usr/share/texlive/tex
mf-dist/fonts/type1/public/amsfonts/cm/cmmi10.pfb></usr/share/texlive/texmf-dis
t/fonts/type1/public/amsfonts/cm/cmmi7.pfb></usr/share/texlive/texmf-dist/fonts
/type1/public/amsfonts/cm/cmr10.pfb></usr/share/texlive/texmf-dist/fonts/type1/
public/amsfonts/cm/cmr17.pfb></usr/share/texlive/texmf-dist/fonts/type1/public/
amsfonts/cm/cmr7.pfb></usr/share/texlive/texmf-dist/fonts/type1/public/amsfonts
/cm/cmsy10.pfb></usr/share/texlive/texmf-dist/fonts/type1/public/amsfonts/cm/cm
sy7.pfb></usr/share/texlive/texmf-dist/fonts/type1/public/amsfonts/cm/cmti10.pf
b></usr/share/texlive/texmf-dist/fonts/type1/public/amsfonts/cm/cmtt10.pfb>
Output written on report.pdf (25 pages, 2172537 bytes).
PDF statistics:
 571 PDF objects out of 1000 (max. 8388607)
 502 compressed objects within 6 object streams
 110 named destinations out of 1000 (max. 500000)
 596 words of extra memory for PDF output out of 10000 (max. 10000000)

